ITERATION NUMBER: 1
Current best mechanism: 
 [[-1  1  0  0  1]
 [ 0  1  0  1 -1]
 [ 0  1  1 -1  0]]
Current AIC value: -130.90465084960036
Previous best mechanism: 
 ['Nothing']
Previous AIC value: 1e+99
ITERATION NUMBER: 2
Current best mechanism: 
 [[-1  0  0  0  1  0]
 [ 0  1  0  1 -1  0]
 [ 0  1  0 -1  0  1]
 [ 0  1  1  0  0 -1]]
Current AIC value: -230.1100503907465
Previous best mechanism: 
 [[-1  1  0  0  1]
 [ 0  1  0  1 -1]
 [ 0  1  1 -1  0]]
Previous AIC value: -130.90465084960036
ITERATION NUMBER: 3
Current best mechanism: 
 1e+99
Current AIC value: 1e+99
Previous best mechanism: 
 [[-1  0  0  0  1  0]
 [ 0  1  0  1 -1  0]
 [ 0  1  0 -1  0  1]
 [ 0  1  1  0  0 -1]]
Previous AIC value: -230.1100503907465
