ITERATION NUMBER: 1
Current best mechanism: 
 [[-2  1  0]
 [-2  0  1]]
Current AIC value: 1139.8507996280305
Previous best mechanism: 
 ['Nothing']
Previous AIC value: 1e+99
ITERATION NUMBER: 2
Current best mechanism: 
 [[-2  0  0  1]
 [-2  1  0  0]
 [ 0  0  1 -1]]
Current AIC value: 106.28028553142006
Previous best mechanism: 
 [[-2  1  0]
 [-2  0  1]]
Previous AIC value: 1139.8507996280305
ITERATION NUMBER: 3
Current best mechanism: 
 [[-2  1  0  0  0]
 [-1  0  0  0  1]
 [ 0  0  0  1 -1]
 [-1  0  1 -1  0]]
Current AIC value: -317.989032883134
Previous best mechanism: 
 [[-2  0  0  1]
 [-2  1  0  0]
 [ 0  0  1 -1]]
Previous AIC value: 106.28028553142006
ITERATION NUMBER: 4
Current best mechanism: 
 [[-2  1  0  0  0  0]
 [-2  0  0  0  0  1]
 [ 0  0  0  0  2 -1]
 [ 0  0  0  1 -1  0]
 [ 0  0  1 -1 -1  0]]
Current AIC value: 390.9172953761121
Previous best mechanism: 
 [[-2  1  0  0  0]
 [-1  0  0  0  1]
 [ 0  0  0  1 -1]
 [-1  0  1 -1  0]]
Previous AIC value: -317.989032883134
